<?xml version="1.0" encoding="UTF-8"?>
<Site BuildName="Win32-MSBuild"
	BuildStamp="20211129-0712-Experimental"
	Name="LAPTOP-FI8JNONH"
	Generator="ctest-3.20.21032501-MSVC_2"
	CompilerName="D:/Program Files (x86)/Microsoft Visual Studio/2019/Community/VC/Tools/MSVC/14.29.30133/bin/Hostx64/x64/cl.exe"
	CompilerVersion="19.29.30133.0"
	OSName="Windows"
	Hostname="LAPTOP-FI8JNONH"
	OSRelease=" Professional"
	OSVersion=" (Build 22000)"
	OSPlatform="AMD64"
	Is64Bits="1"
	VendorString="AuthenticAMD"
	VendorID="Advanced Micro Devices"
	FamilyID="15"
	ModelID="0"
	ProcessorCacheSize="64"
	NumberOfLogicalCPU="12"
	NumberOfPhysicalCPU="6"
	TotalVirtualMemory="31613"
	TotalPhysicalMemory="15741"
	LogicalProcessorsPerPhysical="2"
	ProcessorClockFrequency="2994"
	>
	<Testing>
		<StartDateTime>Nov 29 16:12 东京标准时间</StartDateTime>
		<StartTestTime>1638169972</StartTestTime>
		<TestList/>
		<EndDateTime>Nov 29 16:12 东京标准时间</EndDateTime>
		<EndTestTime>1638169972</EndTestTime>
		<ElapsedMinutes>0</ElapsedMinutes>
	</Testing>
</Site>
